9/14/2021, 12:34:51 PM - INFO - Server is running on port: 3030
9/14/2021, 12:42:49 PM - INFO - Server is running on port: 3030
9/14/2021, 12:47:44 PM - INFO - Server is running on port: 3030
9/14/2021, 12:47:55 PM - INFO - Server is running on port: 3030
9/14/2021, 12:55:49 PM - INFO - Server is running on port: 3030
9/14/2021, 12:56:00 PM - INFO - Server is running on port: 3030
9/14/2021, 12:56:05 PM - INFO - Server is running on port: 3030
9/14/2021, 12:56:27 PM - INFO - Server is running on port: 3030
9/14/2021, 12:56:38 PM - INFO - Req!!!
9/14/2021, 12:57:17 PM - INFO - Server is running on port: 3030
3/19/2022, 12:06:59 AM - INFO - Server is running on port: 3030
3/19/2022, 12:07:11 AM - INFO - Req!!!
3/19/2022, 12:08:49 AM - INFO - Req!!!
3/19/2022, 12:08:51 AM - INFO - Req!!!
3/19/2022, 12:09:05 AM - INFO - Req!!!
3/19/2022, 12:09:07 AM - INFO - Req!!!
3/19/2022, 12:09:11 AM - INFO - Req!!!
3/19/2022, 12:11:08 AM - INFO - Server is running on port: 3030
3/19/2022, 12:11:33 AM - INFO - Server is running on port: 3030
3/19/2022, 12:12:37 AM - INFO - Server is running on port: 3030
3/19/2022, 12:12:51 AM - INFO - Server is running on port: 3030
3/19/2022, 12:14:48 AM - INFO - Server is running on port: 3030
3/19/2022, 12:15:41 AM - INFO - Server is running on port: 3030
3/19/2022, 12:16:27 AM - INFO - Server is running on port: 3030
3/19/2022, 12:16:50 AM - INFO - Server is running on port: 3030
3/19/2022, 12:16:58 AM - INFO - Req!!!
3/19/2022, 12:17:06 AM - INFO - Req!!!
3/19/2022, 12:17:10 AM - INFO - Server is running on port: 3030
3/19/2022, 12:18:11 AM - INFO - Server is running on port: 3030
3/19/2022, 12:18:13 AM - INFO - Req!!!
3/19/2022, 12:36:25 PM - INFO - Server is running on port: 3030
3/19/2022, 12:36:51 PM - INFO - Server is running on port: 3030
3/19/2022, 12:37:29 PM - INFO - Server is running on port: 3030
3/19/2022, 12:38:14 PM - INFO - Server is running on port: 3030
3/19/2022, 12:38:35 PM - INFO - Server is running on port: 3030
3/19/2022, 12:38:42 PM - INFO - Server is running on port: 3030
3/19/2022, 12:38:44 PM - INFO - Req!!!
3/19/2022, 12:39:11 PM - INFO - Server is running on port: 3030
3/19/2022, 12:39:30 PM - INFO - Server is running on port: 3030
3/19/2022, 12:39:51 PM - INFO - Server is running on port: 3030
3/19/2022, 12:40:55 PM - INFO - Server is running on port: 3030
3/19/2022, 12:41:14 PM - INFO - Server is running on port: 3030
3/19/2022, 12:41:16 PM - INFO - Req!!!
3/19/2022, 12:41:16 PM - ERROR - while finding toy undefined | {}
3/19/2022, 12:41:16 PM - ERROR - Failed to get toy | {}
3/19/2022, 12:41:19 PM - ERROR - while finding toy undefined | {}
3/19/2022, 12:41:19 PM - ERROR - Failed to get toy | {}
3/19/2022, 12:41:19 PM - INFO - Req!!!
3/19/2022, 12:41:21 PM - INFO - Req!!!
3/19/2022, 12:41:29 PM - INFO - Server is running on port: 3030
3/19/2022, 12:41:46 PM - INFO - Server is running on port: 3030
3/19/2022, 1:27:56 PM - ERROR - while finding toy undefined | {}
3/19/2022, 1:27:56 PM - ERROR - Failed to get toy | {}
3/19/2022, 1:27:56 PM - INFO - Req!!!
3/19/2022, 1:27:57 PM - ERROR - while finding toy undefined | {}
3/19/2022, 1:27:57 PM - ERROR - Failed to get toy | {}
3/19/2022, 1:27:57 PM - INFO - Req!!!
3/19/2022, 1:27:59 PM - INFO - Req!!!
3/19/2022, 1:28:01 PM - INFO - Req!!!
3/19/2022, 1:28:02 PM - INFO - Req!!!
3/19/2022, 1:28:03 PM - INFO - Req!!!
3/19/2022, 1:38:43 PM - INFO - Req!!!
3/19/2022, 2:13:49 PM - ERROR - while finding toy undefined | {}
3/19/2022, 2:13:49 PM - ERROR - Failed to get toy | {}
3/19/2022, 2:13:51 PM - INFO - Req!!!
3/19/2022, 2:13:52 PM - INFO - Req!!!
3/19/2022, 2:13:56 PM - INFO - Req!!!
3/19/2022, 2:13:56 PM - INFO - Req!!!
3/19/2022, 2:14:00 PM - ERROR - while finding toy undefined | {}
3/19/2022, 2:14:00 PM - ERROR - Failed to get toy | {}
3/19/2022, 2:17:09 PM - INFO - Req!!!
3/19/2022, 2:17:10 PM - INFO - Req!!!
3/19/2022, 3:27:21 PM - INFO - Server is running on port: 3030
3/19/2022, 3:30:57 PM - INFO - Req!!!
3/19/2022, 3:30:59 PM - INFO - Req!!!
3/19/2022, 5:54:17 PM - INFO - Server is running on port: 3030
3/19/2022, 5:58:57 PM - INFO - Server is running on port: 3030
3/19/2022, 5:59:26 PM - INFO - Server is running on port: 3030
3/19/2022, 6:02:55 PM - INFO - Server is running on port: 3030
3/19/2022, 6:03:00 PM - INFO - Server is running on port: 3030
3/19/2022, 6:03:22 PM - INFO - Server is running on port: 3030
3/19/2022, 6:04:15 PM - INFO - Server is running on port: 3030
3/19/2022, 6:04:50 PM - INFO - Server is running on port: 3030
3/19/2022, 8:18:19 PM - INFO - Server is running on port: 3030
3/19/2022, 9:29:40 PM - DEBUG - auth.service - login with username: admin
3/19/2022, 9:29:40 PM - ERROR - Failed to Login Invalid username or password
3/19/2022, 9:30:54 PM - INFO - Server is running on port: 3030
3/19/2022, 9:31:02 PM - DEBUG - auth.service - login with username: admin
3/19/2022, 9:31:02 PM - ERROR - Failed to Login Invalid username or password
3/19/2022, 9:31:12 PM - INFO - Server is running on port: 3030
3/19/2022, 9:31:41 PM - INFO - Server is running on port: 3030
3/19/2022, 9:31:49 PM - DEBUG - auth.service - login with username: admin
3/19/2022, 9:31:49 PM - ERROR - Failed to Login Invalid username or password
3/19/2022, 9:32:11 PM - INFO - Server is running on port: 3030
3/19/2022, 9:32:22 PM - DEBUG - auth.service - login with username: admin
3/19/2022, 9:32:22 PM - ERROR - Failed to Login Invalid username or password
3/19/2022, 9:32:46 PM - INFO - Server is running on port: 3030
3/19/2022, 9:32:48 PM - DEBUG - auth.service - login with username: admin
3/19/2022, 9:32:48 PM - ERROR - Failed to Login Invalid username or password
3/19/2022, 9:33:47 PM - INFO - Server is running on port: 3030
3/19/2022, 9:33:50 PM - DEBUG - auth.service - login with username: admin
3/19/2022, 9:33:50 PM - ERROR - Failed to Login Invalid username or password
3/19/2022, 9:34:25 PM - INFO - Server is running on port: 3030
3/19/2022, 9:34:53 PM - INFO - Server is running on port: 3030
3/19/2022, 9:34:55 PM - INFO - Server is running on port: 3030
3/19/2022, 9:35:05 PM - DEBUG - auth.service - login with username: admin
3/19/2022, 9:35:05 PM - ERROR - Failed to Login Invalid username or password
3/19/2022, 9:35:28 PM - INFO - Server is running on port: 3030
3/19/2022, 9:35:30 PM - DEBUG - auth.service - login with username: admin
3/19/2022, 9:35:31 PM - ERROR - Failed to Login Invalid username or password
3/19/2022, 9:39:01 PM - INFO - Server is running on port: 3030
3/19/2022, 9:39:31 PM - INFO - Server is running on port: 3030
3/19/2022, 9:40:17 PM - DEBUG - auth.service - login with username: admin
3/19/2022, 9:41:06 PM - DEBUG - auth.service - login with username: admin
3/19/2022, 9:42:25 PM - DEBUG - auth.service - login with username: admin
3/19/2022, 9:44:41 PM - DEBUG - auth.service - login with username: admin
3/19/2022, 9:45:00 PM - DEBUG - auth.service - login with username: admin
3/19/2022, 9:45:44 PM - DEBUG - auth.service - login with username: admin
3/19/2022, 9:46:22 PM - DEBUG - auth.service - login with username: admin
3/19/2022, 9:46:48 PM - DEBUG - auth.service - login with username: admin
3/19/2022, 10:00:28 PM - DEBUG - auth.service - login with username: admin
3/19/2022, 10:00:31 PM - DEBUG - auth.service - login with username: admin
3/19/2022, 10:00:32 PM - DEBUG - auth.service - login with username: admin
3/19/2022, 10:00:32 PM - DEBUG - auth.service - login with username: admin
3/19/2022, 10:00:32 PM - DEBUG - auth.service - login with username: admin
3/19/2022, 10:05:42 PM - DEBUG - auth.service - login with username: admin
3/19/2022, 10:09:43 PM - INFO - Req!!!
3/19/2022, 10:10:00 PM - INFO - Req!!!
3/19/2022, 10:11:49 PM - INFO - Req!!!
3/19/2022, 10:11:50 PM - INFO - Req!!!
3/19/2022, 10:17:36 PM - DEBUG - auth.service - login with username: admin
3/19/2022, 10:18:21 PM - DEBUG - auth.service - login with username: admin
3/19/2022, 10:18:21 PM - ERROR - Failed to Login Invalid username or password
3/19/2022, 10:18:29 PM - DEBUG - auth.service - login with username: admin
3/19/2022, 10:22:38 PM - INFO - Req!!!
3/19/2022, 10:22:39 PM - INFO - Req!!!
3/19/2022, 10:22:40 PM - INFO - Req!!!
3/19/2022, 10:22:41 PM - INFO - Req!!!
3/19/2022, 10:24:33 PM - INFO - Req!!!
3/19/2022, 10:24:36 PM - INFO - Req!!!
3/19/2022, 10:24:36 PM - INFO - Req!!!
3/19/2022, 10:24:46 PM - DEBUG - auth.service - login with username: admin
3/19/2022, 10:29:07 PM - INFO - Req!!!
3/19/2022, 10:29:08 PM - INFO - Req!!!
3/19/2022, 10:29:09 PM - INFO - Req!!!
3/19/2022, 10:29:52 PM - INFO - Req!!!
3/19/2022, 10:29:53 PM - INFO - Req!!!
3/19/2022, 10:29:55 PM - INFO - Req!!!
3/19/2022, 10:29:56 PM - INFO - Req!!!
3/19/2022, 10:32:31 PM - INFO - Req!!!
3/19/2022, 10:32:49 PM - INFO - Req!!!
3/19/2022, 10:33:02 PM - INFO - Req!!!
3/19/2022, 10:33:08 PM - INFO - Req!!!
3/19/2022, 10:33:28 PM - INFO - Req!!!
3/19/2022, 10:34:51 PM - INFO - Req!!!
3/19/2022, 10:35:05 PM - INFO - Req!!!
3/19/2022, 10:35:32 PM - INFO - Req!!!
3/19/2022, 10:36:16 PM - DEBUG - auth.service - login with username: admin
3/19/2022, 10:36:20 PM - INFO - Req!!!
3/19/2022, 10:37:11 PM - INFO - Req!!!
3/19/2022, 10:37:15 PM - DEBUG - auth.service - login with username: admin
3/19/2022, 10:37:15 PM - INFO - Req!!!
3/19/2022, 10:37:47 PM - DEBUG - auth.service - login with username: admin
3/19/2022, 10:37:47 PM - INFO - Req!!!
3/19/2022, 10:39:37 PM - DEBUG - auth.service - login with username: admin
3/19/2022, 10:39:37 PM - INFO - Req!!!
3/19/2022, 10:39:38 PM - INFO - Req!!!
3/19/2022, 10:41:18 PM - INFO - Req!!!
3/19/2022, 10:41:21 PM - INFO - Req!!!
3/19/2022, 10:41:22 PM - INFO - Req!!!
3/19/2022, 10:41:42 PM - INFO - Req!!!
3/19/2022, 10:41:43 PM - INFO - Req!!!
3/19/2022, 10:41:52 PM - INFO - Req!!!
3/19/2022, 10:41:52 PM - INFO - Req!!!
3/19/2022, 10:42:00 PM - INFO - Req!!!
3/19/2022, 10:42:01 PM - INFO - Req!!!
3/19/2022, 10:42:08 PM - INFO - Req!!!
3/19/2022, 10:42:09 PM - INFO - Req!!!
3/19/2022, 10:42:23 PM - INFO - Req!!!
3/19/2022, 10:42:24 PM - INFO - Req!!!
3/19/2022, 10:42:35 PM - INFO - Req!!!
3/19/2022, 10:42:35 PM - INFO - Req!!!
3/19/2022, 10:43:19 PM - INFO - Req!!!
3/19/2022, 10:43:45 PM - INFO - Req!!!
3/19/2022, 10:43:52 PM - DEBUG - auth.service - login with username: ben-david
3/19/2022, 10:43:52 PM - INFO - Req!!!
3/19/2022, 10:44:04 PM - INFO - Req!!!
3/19/2022, 10:44:28 PM - INFO - Req!!!
3/19/2022, 10:45:32 PM - ERROR - while finding toy undefined | {}
3/19/2022, 10:45:32 PM - ERROR - Failed to get toy | {}
3/19/2022, 10:45:32 PM - INFO - Req!!!
3/19/2022, 10:45:34 PM - INFO - Req!!!
3/19/2022, 10:45:35 PM - INFO - Req!!!
3/19/2022, 10:45:36 PM - INFO - Req!!!
3/19/2022, 10:45:37 PM - INFO - Req!!!
3/19/2022, 10:45:41 PM - INFO - Req!!!
3/19/2022, 10:45:41 PM - INFO - Req!!!
3/19/2022, 10:46:17 PM - INFO - Req!!!
3/19/2022, 10:46:18 PM - INFO - Req!!!
3/19/2022, 10:46:28 PM - INFO - Req!!!
3/19/2022, 10:47:26 PM - INFO - Req!!!
3/19/2022, 10:47:37 PM - INFO - Req!!!
3/19/2022, 10:47:45 PM - INFO - Req!!!
3/19/2022, 10:47:59 PM - INFO - Req!!!
3/19/2022, 10:48:00 PM - INFO - Req!!!
3/19/2022, 10:48:04 PM - INFO - Req!!!
3/19/2022, 10:48:30 PM - INFO - Req!!!
3/19/2022, 10:48:56 PM - INFO - Server is running on port: 3030
3/19/2022, 10:56:50 PM - INFO - Server is running on port: 3030
3/19/2022, 10:57:00 PM - INFO - Server is running on port: 3030
3/19/2022, 10:57:36 PM - INFO - Server is running on port: 3030
3/19/2022, 10:57:41 PM - INFO - Server is running on port: 3030
3/19/2022, 10:57:45 PM - INFO - Req!!!
3/19/2022, 10:57:51 PM - DEBUG - auth.service - login with username: admin
3/19/2022, 10:57:51 PM - ERROR - Failed to Login Invalid username or password
3/19/2022, 10:57:54 PM - DEBUG - auth.service - login with username: admin
3/19/2022, 10:57:54 PM - INFO - Req!!!
3/19/2022, 10:58:36 PM - INFO - Server is running on port: 3030
3/19/2022, 10:58:43 PM - INFO - Server is running on port: 3030
3/19/2022, 10:59:14 PM - INFO - Server is running on port: 3030
3/19/2022, 10:59:43 PM - INFO - Server is running on port: 3030
3/19/2022, 11:00:13 PM - INFO - Server is running on port: 3030
3/19/2022, 11:00:18 PM - INFO - Server is running on port: 3030
3/19/2022, 11:00:44 PM - INFO - Server is running on port: 3030
3/19/2022, 11:00:50 PM - DEBUG - auth.service - login with username: admin
3/19/2022, 11:00:50 PM - INFO - Req!!!
3/19/2022, 11:02:13 PM - INFO - Server is running on port: 3030
3/19/2022, 11:03:34 PM - INFO - Server is running on port: 3030
3/19/2022, 11:03:42 PM - INFO - Req!!!
3/19/2022, 11:03:47 PM - DEBUG - auth.service - login with username: admin
3/19/2022, 11:03:47 PM - INFO - Req!!!
3/19/2022, 11:04:05 PM - INFO - Server is running on port: 3030
3/19/2022, 11:06:22 PM - INFO - Req!!!
3/19/2022, 11:06:24 PM - INFO - Req!!!
3/19/2022, 11:06:37 PM - INFO - Req!!!
3/19/2022, 11:11:04 PM - INFO - Server is running on port: 3030
3/19/2022, 11:11:28 PM - INFO - Server is running on port: 3030
3/19/2022, 11:13:24 PM - INFO - Server is running on port: 3030
3/19/2022, 11:13:29 PM - DEBUG - auth.service - login with username: admin
3/19/2022, 11:13:29 PM - INFO - Req!!!
3/19/2022, 11:13:44 PM - INFO - Server is running on port: 3030
3/19/2022, 11:13:46 PM - INFO - Req!!!
3/19/2022, 11:13:51 PM - DEBUG - auth.service - login with username: admin
3/19/2022, 11:13:51 PM - INFO - Req!!!
3/19/2022, 11:14:10 PM - INFO - Req!!!
3/19/2022, 11:14:10 PM - INFO - Req from: puki muki
3/19/2022, 11:14:15 PM - INFO - Req!!!
3/19/2022, 11:14:15 PM - INFO - Req from: puki muki
3/19/2022, 11:14:19 PM - DEBUG - auth.service - login with username: admin
3/19/2022, 11:14:19 PM - INFO - Req!!!
3/19/2022, 11:14:19 PM - INFO - Req from: puki muki
3/19/2022, 11:14:21 PM - INFO - Req!!!
3/19/2022, 11:14:21 PM - INFO - Req from: puki muki
3/19/2022, 11:14:29 PM - DEBUG - auth.service - login with username: ben-david
3/19/2022, 11:14:29 PM - INFO - Req!!!
3/19/2022, 11:14:29 PM - INFO - Req from: puki ben david
3/19/2022, 11:14:30 PM - INFO - Req!!!
3/19/2022, 11:14:30 PM - INFO - Req from: puki ben david
3/19/2022, 11:14:43 PM - INFO - Req!!!
3/19/2022, 11:14:43 PM - INFO - Req from: puki ben david
3/19/2022, 11:14:43 PM - INFO - Req!!!
3/19/2022, 11:14:43 PM - INFO - Req from: puki ben david
3/19/2022, 11:14:47 PM - WARN - puki ben david Attempt to perform admin action
3/19/2022, 11:16:29 PM - INFO - Req!!!
3/19/2022, 11:16:29 PM - INFO - Req from: puki ben david
3/19/2022, 11:16:35 PM - DEBUG - auth.service - login with username: admin
3/19/2022, 11:16:35 PM - INFO - Req!!!
3/19/2022, 11:16:35 PM - INFO - Req from: puki muki
3/19/2022, 11:16:36 PM - INFO - Req!!!
3/19/2022, 11:16:36 PM - INFO - Req from: puki muki
3/19/2022, 11:16:36 PM - INFO - Req!!!
3/19/2022, 11:16:36 PM - INFO - Req from: puki muki
3/19/2022, 11:16:37 PM - INFO - Req!!!
3/19/2022, 11:16:37 PM - INFO - Req from: puki muki
3/19/2022, 11:16:38 PM - INFO - Req!!!
3/19/2022, 11:16:38 PM - INFO - Req from: puki muki
3/19/2022, 11:16:46 PM - ERROR - while finding toy undefined | {}
3/19/2022, 11:16:46 PM - ERROR - Failed to get toy | {}
3/19/2022, 11:16:46 PM - INFO - Req!!!
3/19/2022, 11:16:46 PM - INFO - Req from: puki muki
3/19/2022, 11:16:46 PM - INFO - Req!!!
3/19/2022, 11:16:46 PM - INFO - Req from: puki muki
